<?xml version="1.0" encoding="UTF-8"?>
<testsuite name="com.alltheducks.oauth2.paging.PagingStreamsTest" tests="2" skipped="0" failures="0" errors="0" timestamp="2024-10-10T06:51:10" hostname="Mikes-2023-MacBook-Pro.local" time="0.002">
  <properties/>
  <testcase name="streamCount()" classname="com.alltheducks.oauth2.paging.PagingStreamsTest" time="0.001"/>
  <testcase name="streamCollectToList()" classname="com.alltheducks.oauth2.paging.PagingStreamsTest" time="0.0"/>
  <system-out><![CDATA[]]></system-out>
  <system-err><![CDATA[]]></system-err>
</testsuite>
