<?xml version="1.0" encoding="UTF-8"?>
<testsuite name="com.alltheducks.oauth2.paging.PagingIteratorTest" tests="10" skipped="0" failures="0" errors="0" timestamp="2024-10-10T06:57:48" hostname="Mikes-2023-MacBook-Pro.local" time="0.649">
  <properties/>
  <testcase name="onePage()" classname="com.alltheducks.oauth2.paging.PagingIteratorTest" time="0.003"/>
  <testcase name="withStrings()" classname="com.alltheducks.oauth2.paging.PagingIteratorTest" time="0.0"/>
  <testcase name="withObjects()" classname="com.alltheducks.oauth2.paging.PagingIteratorTest" time="0.0"/>
  <testcase name="differingPageSizes()" classname="com.alltheducks.oauth2.paging.PagingIteratorTest" time="0.0"/>
  <testcase name="testNumberOfPagesRequested()" classname="com.alltheducks.oauth2.paging.PagingIteratorTest" time="0.0"/>
  <testcase name="oneHundredPages()" classname="com.alltheducks.oauth2.paging.PagingIteratorTest" time="0.002"/>
  <testcase name="fivePagesWithDelay()" classname="com.alltheducks.oauth2.paging.PagingIteratorTest" time="0.631"/>
  <testcase name="testNumberOfPagesRequested_oneHundredPages()" classname="com.alltheducks.oauth2.paging.PagingIteratorTest" time="0.002"/>
  <testcase name="twoPages()" classname="com.alltheducks.oauth2.paging.PagingIteratorTest" time="0.002"/>
  <testcase name="noPages()" classname="com.alltheducks.oauth2.paging.PagingIteratorTest" time="0.001"/>
  <system-out><![CDATA[]]></system-out>
  <system-err><![CDATA[]]></system-err>
</testsuite>
